#
# A fatal error has been detected by the Java Runtime Environment:
#
#  SIGSEGV (0xb) at pc=0x000000010b741fa3, pid=96246, tid=65723
#
# JRE version: OpenJDK Runtime Environment (15.0.1+9) (build 15.0.1+9-18)
# Java VM: OpenJDK 64-Bit Server VM (15.0.1+9-18, mixed mode, sharing, tiered, compressed oops, g1 gc, bsd-amd64)
# Problematic frame:
# V  [libjvm.dylib+0x541fa3]  JNIHandleBlock::release_block(JNIHandleBlock*, Thread*)+0xb3
#
# No core dump will be written. Core dumps have been disabled. To enable core dumping, try "ulimit -c unlimited" before starting Java again
#
# If you would like to submit a bug report, please visit:
#   https://bugreport.java.com/bugreport/crash.jsp
#

---------------  S U M M A R Y ------------

Command Line: -Dfile.encoding=UTF-8 --module-path=/Users/maha/eclipse-workspace/myProject/bin:/Users/maha/Libraries/javafx-sdk-15.0.1/lib/javafx-swt.jar:/Users/maha/Libraries/javafx-sdk-15.0.1/lib/javafx.base.jar:/Users/maha/Libraries/javafx-sdk-15.0.1/lib/javafx.controls.jar:/Users/maha/Libraries/javafx-sdk-15.0.1/lib/javafx.fxml.jar:/Users/maha/Libraries/javafx-sdk-15.0.1/lib/javafx.graphics.jar:/Users/maha/Libraries/javafx-sdk-15.0.1/lib/javafx.media.jar:/Users/maha/Libraries/javafx-sdk-15.0.1/lib/javafx.swing.jar:/Users/maha/Libraries/javafx-sdk-15.0.1/lib/javafx.web.jar:/Users/maha/.p2/pool/plugins/org.eclipse.fx.ide.css.jfx8_3.7.0.202010120832.jar:/Users/maha/Libraries/db-derby-10.15.2.0-bin/lib/derby.jar:/Users/maha/Libraries/db-derby-10.15.2.0-bin/lib/derbyshared.jar:/Users/maha/Libraries/db-derby-10.15.2.0-bin/lib/derbytools.jar:/Users/maha/Libraries/eclipselink/jlib/eclipselink.jar:/Users/maha/Libraries/eclipselink/jlib/jpa/jakarta.annotation-api.jar:/Users/maha/Libraries/eclipselink/jlib/jpa/jakarta.persistence-api.jar:/Users/maha/Libraries/eclipselink/jlib/jpa/org.eclipse.persistence.jpa.modelgen.processor.jar:/Users/maha/Libraries/eclipselink/jlib/jpa/org.eclipse.persistence.jpars.jar:/Users/maha/.p2/pool/plugins/org.junit.jupiter.api_5.7.0.v20201026-1537.jar:/Users/maha/.p2/pool/plugins/org.junit.jupiter.engine_5.7.0.v20201026-1537.jar:/Users/maha/.p2/pool/plugins/org.junit.jupiter.migrationsupport_5.7.0.v20201026-1537.jar:/Users/maha/.p2/pool/plugins/org.junit.jupiter.params_5.7.0.v20201026-1537.jar:/Users/maha/.p2/pool/plugins/org.junit.platform.commons_1.7.0.v20201026-1537.jar:/Users/maha/.p2/pool/plugins/org.junit.platform.engine_1.7.0.v20201026-1537.jar:/Users/maha/.p2/pool/plugins/org.junit.platform.launcher_1.7.0.v20201026-1537.jar:/Users/maha/.p2/pool/plugins/org.junit.platform.runner_1.7.0.v20201026-1537.jar:/Users/maha/.p2/pool/plugins/org.junit.platform.suite.api_1.7.0.v20201026-1537.jar:/Users/maha/.p2/pool/plugins/org.junit.vintage.engine_5.7.0.v20201026-1537.jar:/Users/mah-XX:+ShowCodeDetailsInExceptionMessages -Djdk.module.main=myProject myProject/application.Main

Host: MacBookPro10,1 x86_64 2300 MHz, 8 cores, 8G, Darwin 19.6.0
Time: Tue May 11 22:20:19 2021 CEST elapsed time: 20.696006 seconds (0d 0h 0m 20s)

---------------  T H R E A D  ---------------

Current thread (0x00007f9d50148c00):  JavaThread "PulseTimer-CVDisplayLink thread" daemon [_thread_in_vm, id=65723, stack(0x0000700009353000,0x00007000093d3000)]

Stack: [0x0000700009353000,0x00007000093d3000],  sp=0x00007000093d2b90,  free space=510k
Native frames: (J=compiled Java code, A=aot compiled Java code, j=interpreted, Vv=VM code, C=native code)
V  [libjvm.dylib+0x541fa3]  JNIHandleBlock::release_block(JNIHandleBlock*, Thread*)+0xb3
V  [libjvm.dylib+0x99a83f]  JavaThread::exit(bool, JavaThread::ExitType)+0x58f
V  [libjvm.dylib+0x520bce]  jni_DetachCurrentThread+0xfe
C  [libglass.dylib+0x2687a]  CVOutputCallback+0xaa
C  [CoreVideo+0x2e92]  CVDisplayLink::performIO(CVTimeStamp*)+0xe6
C  [CoreVideo+0x22c8]  CVDisplayLink::runIOThread()+0x272
C  [libsystem_pthread.dylib+0x6109]  _pthread_start+0x94
C  [libsystem_pthread.dylib+0x1b8b]  thread_start+0xf


siginfo: si_signo: 11 (SIGSEGV), si_code: 0 (unknown), si_addr: 0x0000000000000000

Register to memory mapping:

RAX=0x0000000780d0d4e8 is an oop: java.lang.String 
{0x0000000780d0d4e8} - klass: 'java/lang/String'
RBX=0xf001a45ef7feb62d is an unknown value
RCX=0xf001a45ef7feb62d is an unknown value
RDX=0x00007f9d46414f10 points into unknown readable memory: 0x0000000000000002 | 02 00 00 00 00 00 00 00
RSP=0x00007000093d2b90 is pointing into the stack for thread: 0x00007f9d50148c00
RBP=0x00007000093d2bb0 is pointing into the stack for thread: 0x00007f9d50148c00
RSI=0x0 is NULL
RDI=0x00007f9d46414ef0 points into unknown readable memory: 0x000000004d55545a | 5a 54 55 4d 00 00 00 00
R8 =0x00000000007a871f is an unknown value
R9 =0xffffffff00000000 is an unknown value
R10=0x00007f9d46414f08 points into unknown readable memory: 0x00000000007a871f | 1f 87 7a 00 00 00 00 00
R11=0x000000011ee2c7c8 is at entry_point+40 in (nmethod*)0x000000011ee2c610
R12=0x0 is NULL
R13=0x00007f9d50148f08 points into unknown readable memory: 0x0000000000000000 | 00 00 00 00 00 00 00 00
R14=0x00007f9d46414e70 points into unknown readable memory: 0x00007f9d50148c00 | 00 8c 14 50 9d 7f 00 00
R15=0x000000010be40a80: JNIHandleBlockFreeList_lock+0 in /Library/Java/JavaVirtualMachines/jdk-15.0.1.jdk/Contents/Home/lib/server/libjvm.dylib at 0x000000010b200000


Registers:
RAX=0x0000000780d0d4e8, RBX=0xf001a45ef7feb62d, RCX=0xf001a45ef7feb62d, RDX=0x00007f9d46414f10
RSP=0x00007000093d2b90, RBP=0x00007000093d2bb0, RSI=0x0000000000000000, RDI=0x00007f9d46414ef0
R8 =0x00000000007a871f, R9 =0xffffffff00000000, R10=0x00007f9d46414f08, R11=0x000000011ee2c7c8
R12=0x0000000000000000, R13=0x00007f9d50148f08, R14=0x00007f9d46414e70, R15=0x000000010be40a80
RIP=0x000000010b741fa3, EFLAGS=0x0000000000010286, ERR=0x0000000000000000
  TRAPNO=0x000000000000000d

Top of Stack: (sp=0x00007000093d2b90)
0x00007000093d2b90:   000000078170efd8 000000078170efd8
0x00007000093d2ba0:   00007f9d50148c00 00007f9d4d97af30
0x00007000093d2bb0:   00007000093d2cf0 000000010bb9a83f
0x00007000093d2bc0:   0000000000000000 00007f9d50148c00
0x00007000093d2bd0:   00007f9d4d97af30 00007f9d49c16790
0x00007000093d2be0:   00007f9d49c167a0 00007f9d49c16878
0x00007000093d2bf0:   00000000000000d8 00007f9d4e527130
0x00007000093d2c00:   0000000000000000 000000010bb981a4
0x00007000093d2c10:   0000000100000000 0000000000000000
0x00007000093d2c20:   0000000800020b90 00000001093d2c00
0x00007000093d2c30:   0000000000000000 00007f9d50148c00
0x00007000093d2c40:   00007f9d50148c00 0000000000000000
0x00007000093d2c50:   000000010bdb1df0 00000008003eac00
0x00007000093d2c60:   000070000000000e 000000000000001c
0x00007000093d2c70:   00007f9d50148c00 00007f9d49c167a8
0x00007000093d2c80:   0000000000000001 00007000093d2b01
0x00007000093d2c90:   00007f9d50148c00 000000003269e3d8
0x00007000093d2ca0:   00007f9d00000001 0000000000000000
0x00007000093d2cb0:   00007f9d49e105d0 0000000149e105d0
0x00007000093d2cc0:   00007f9d50148c00 00007f9d50148c00
0x00007000093d2cd0:   000000012c944dc0 0000000000000000
0x00007000093d2ce0:   0000000000000000 00007f9d479bbee0
0x00007000093d2cf0:   00007000093d2d10 000000010b720bce
0x00007000093d2d00:   00007f9d479bbec0 00007f9d49e105d0
0x00007000093d2d10:   00007000093d2d40 000000012c92887a
0x00007000093d2d20:   00007f9d482c4a20 00007f9d482c4b18
0x00007000093d2d30:   00007000093d2e98 000000012c9287d0
0x00007000093d2d40:   00007000093d2e20 00007fff39381e92
0x00007000093d2d50:   00007000093d2d90 1421a7f000000000
0x00007000093d2d60:   0001208bcfa56c80 00035651aff789a2
0x00007000093d2d70:   3ff0000000000000 000000000055e880
0x00007000093d2d80:   0000000000000000 0000000000000000 

Instructions: (pc=0x000000010b741fa3)
0x000000010b741ea3:   00 48 89 d8 48 83 c4 08 5b 41 5e 41 5f 5d c3 31
0x000000010b741eb3:   db bf 38 01 00 00 be 08 00 00 00 31 d2 e8 8b cd
0x000000010b741ec3:   bc ff 49 89 c7 4d 85 ff 74 10 be 38 01 00 00 4c
0x000000010b741ed3:   89 ff e8 76 b7 52 00 4c 89 fb ff 05 95 ea 6e 00
0x000000010b741ee3:   4d 85 f6 75 89 eb 8f 66 0f 1f 44 00 00 55 48 89
0x000000010b741ef3:   e5 41 57 41 56 41 54 53 48 89 fb 48 85 f6 74 5d
0x000000010b741f03:   66 66 66 66 2e 0f 1f 84 00 00 00 00 00 48 8b 83
0x000000010b741f13:   18 01 00 00 48 8b 8e f0 00 00 00 48 c7 83 18 01
0x000000010b741f23:   00 00 00 00 00 00 48 89 9e f0 00 00 00 48 85 c9
0x000000010b741f33:   74 21 66 66 2e 0f 1f 84 00 00 00 00 00 48 89 da
0x000000010b741f43:   48 8b 9a 08 01 00 00 48 85 db 75 f1 48 89 8a 08
0x000000010b741f53:   01 00 00 48 89 c3 48 85 c0 75 b2 eb 75 4c 8d 3d
0x000000010b741f63:   19 eb 6f 00 66 0f 1f 84 00 00 00 00 00 4c 8b a3
0x000000010b741f73:   18 01 00 00 4d 8b 37 4d 85 f6 74 08 4c 89 f7 e8
0x000000010b741f83:   89 4d 2b 00 48 85 db 74 34 48 8b 05 ed e9 6e 00
0x000000010b741f93:   66 66 66 66 2e 0f 1f 84 00 00 00 00 00 48 89 d9
0x000000010b741fa3:   48 8b 99 08 01 00 00 48 89 81 08 01 00 00 48 89
0x000000010b741fb3:   c8 48 85 db 75 e7 48 89 0d c0 e9 6e 00 4d 85 f6
0x000000010b741fc3:   74 08 4c 89 f7 e8 c3 4d 2b 00 4c 89 e3 4d 85 e4
0x000000010b741fd3:   75 9b 5b 41 5c 41 5e 41 5f 5d c3 66 90 55 48 89
0x000000010b741fe3:   e5 41 57 41 56 41 55 41 54 53 50 49 89 f7 49 89
0x000000010b741ff3:   fe 4d 85 f6 75 13 eb 7b 0f 1f 44 00 00 4d 8b b6
0x000000010b742003:   18 01 00 00 4d 85 f6 74 6a 4d 89 f4 90 41 8b 84
0x000000010b742013:   24 00 01 00 00 85 c0 7e e4 4c 89 e3 45 31 ed 66
0x000000010b742023:   66 66 66 66 2e 0f 1f 84 00 00 00 00 00 48 8b 0b
0x000000010b742033:   48 85 c9 74 1b 83 e1 01 48 85 c9 75 13 49 8b 07
0x000000010b742043:   4c 89 ff 48 89 de ff 10 41 8b 84 24 00 01 00 00
0x000000010b742053:   49 ff c5 48 63 c8 48 83 c3 08 49 39 cd 7c ce 83
0x000000010b742063:   f8 20 7c 99 4d 8b a4 24 08 01 00 00 4d 85 e4 75
0x000000010b742073:   9c eb 8a 48 83 c4 08 5b 41 5c 41 5d 41 5e 41 5f
0x000000010b742083:   5d c3 66 66 2e 0f 1f 84 00 00 00 00 00 55 48 89
0x000000010b742093:   e5 48 85 ff 0f 84 96 00 00 00 45 31 c9 45 31 c0 


Stack slot to memory mapping:
stack at sp + 0 slots: 0x000000078170efd8 is an oop: java.lang.Thread 
{0x000000078170efd8} - klass: 'java/lang/Thread'
stack at sp + 1 slots: 0x000000078170efd8 is an oop: java.lang.Thread 
{0x000000078170efd8} - klass: 'java/lang/Thread'
stack at sp + 2 slots: 0x00007f9d50148c00 is a thread
stack at sp + 3 slots: 0x00007f9d4d97af30 points into unknown readable memory: 0x9000000000000002 | 02 00 00 00 00 00 00 90
stack at sp + 4 slots: 0x00007000093d2cf0 is pointing into the stack for thread: 0x00007f9d50148c00
stack at sp + 5 slots: 0x000000010bb9a83f: _ZN10JavaThread4exitEbNS_8ExitTypeE+0x58f in /Library/Java/JavaVirtualMachines/jdk-15.0.1.jdk/Contents/Home/lib/server/libjvm.dylib at 0x000000010b200000
stack at sp + 6 slots: 0x0 is NULL
stack at sp + 7 slots: 0x00007f9d50148c00 is a thread


---------------  P R O C E S S  ---------------

Threads class SMR info:
_java_thread_list=0x00007f9d4e527220, length=19, elements={
0x00007f9d4700ba00, 0x00007f9d46835a00, 0x00007f9d488a0000, 0x00007f9d488a2000,
0x00007f9d46836000, 0x00007f9d4681c400, 0x00007f9d46839800, 0x00007f9d4683a200,
0x00007f9d4801b600, 0x00007f9d4685e800, 0x00007f9d488acc00, 0x00007f9d4800a800,
0x00007f9d4a060a00, 0x00007f9d4a06a000, 0x00007f9d482cc600, 0x00007f9d482d4e00,
0x00007f9d48f6ba00, 0x00007f9d48f76200, 0x00007f9d50148c00
}

Java Threads: ( => current thread )
  0x00007f9d4700ba00 JavaThread "main" [_thread_blocked, id=5635, stack(0x0000700008a38000,0x0000700008b38000)]
  0x00007f9d46835a00 JavaThread "Reference Handler" daemon [_thread_blocked, id=17923, stack(0x000070000914d000,0x000070000924d000)]
  0x00007f9d488a0000 JavaThread "Finalizer" daemon [_thread_blocked, id=16131, stack(0x0000700009250000,0x0000700009350000)]
  0x00007f9d488a2000 JavaThread "Signal Dispatcher" daemon [_thread_blocked, id=22787, stack(0x0000700009459000,0x0000700009559000)]
  0x00007f9d46836000 JavaThread "Service Thread" daemon [_thread_blocked, id=41219, stack(0x000070000955c000,0x000070000965c000)]
  0x00007f9d4681c400 JavaThread "C2 CompilerThread0" daemon [_thread_blocked, id=23555, stack(0x000070000965f000,0x000070000975f000)]
  0x00007f9d46839800 JavaThread "C1 CompilerThread0" daemon [_thread_blocked, id=40195, stack(0x0000700009762000,0x0000700009862000)]
  0x00007f9d4683a200 JavaThread "Sweeper thread" daemon [_thread_blocked, id=39683, stack(0x0000700009865000,0x0000700009965000)]
  0x00007f9d4801b600 JavaThread "Common-Cleaner" daemon [_thread_blocked, id=24835, stack(0x0000700009968000,0x0000700009a68000)]
  0x00007f9d4685e800 JavaThread "Notification Thread" daemon [_thread_blocked, id=38147, stack(0x0000700009c71000,0x0000700009d71000)]
  0x00007f9d488acc00 JavaThread "JavaFX-Launcher" [_thread_blocked, id=37123, stack(0x0000700009e77000,0x0000700009f77000)]
  0x00007f9d4800a800 JavaThread "QuantumRenderer-0" daemon [_thread_blocked, id=27395, stack(0x0000700009f7a000,0x000070000a07a000)]
  0x00007f9d4a060a00 JavaThread "InvokeLaterDispatcher" daemon [_thread_blocked, id=31747, stack(0x000070000a07d000,0x000070000a17d000)]
  0x00007f9d4a06a000 JavaThread "JavaFX Application Thread" [_thread_in_native, id=775, stack(0x00007ffee53a8000,0x00007ffee5ba8000)]
  0x00007f9d482cc600 JavaThread "Timer-0" daemon [_thread_blocked, id=58371, stack(0x000070000a924000,0x000070000aa24000)]
  0x00007f9d482d4e00 JavaThread "derby.rawStoreDaemon" daemon [_thread_blocked, id=66307, stack(0x000070000ab2a000,0x000070000ac2a000)]
  0x00007f9d48f6ba00 JavaThread "Prism Font Disposer" daemon [_thread_blocked, id=64003, stack(0x000070000ac2d000,0x000070000ad2d000)]
  0x00007f9d48f76200 JavaThread "Cleaner-0" daemon [_thread_blocked, id=76407, stack(0x000070000ad30000,0x000070000ae30000)]
=>0x00007f9d50148c00 JavaThread "PulseTimer-CVDisplayLink thread" daemon [_thread_in_vm, id=65723, stack(0x0000700009353000,0x00007000093d3000)]

Other Threads:
  0x00007f9d478097a0 VMThread "VM Thread" [stack: 0x000070000904a000,0x000070000914a000] [id=18691]
  0x00007f9d46647f10 WatcherThread [stack: 0x0000700009d74000,0x0000700009e74000] [id=37635]
  0x00007f9d46423d40 GCTaskThread "GC Thread#0" [stack: 0x0000700008b3b000,0x0000700008c3b000] [id=12547]
  0x00007f9d46462100 GCTaskThread "GC Thread#1" [stack: 0x0000700009a6b000,0x0000700009b6b000] [id=38915]
  0x00007f9d46462c20 GCTaskThread "GC Thread#2" [stack: 0x0000700009b6e000,0x0000700009c6e000] [id=25603]
  0x00007f9d4c5a1eb0 GCTaskThread "GC Thread#3" [stack: 0x000070000a61b000,0x000070000a71b000] [id=79111]
  0x00007f9d4d35cf50 GCTaskThread "GC Thread#4" [stack: 0x000070000a71e000,0x000070000a81e000] [id=52491]
  0x00007f9d4d26a5c0 GCTaskThread "GC Thread#5" [stack: 0x000070000a821000,0x000070000a921000] [id=57863]
  0x00007f9d479046e0 ConcurrentGCThread "G1 Main Marker" [stack: 0x0000700008c3e000,0x0000700008d3e000] [id=19715]
  0x00007f9d479057d0 ConcurrentGCThread "G1 Conc#0" [stack: 0x0000700008d41000,0x0000700008e41000] [id=13571]
  0x00007f9d4d2b52a0 ConcurrentGCThread "G1 Conc#1" [stack: 0x000070000aa27000,0x000070000ab27000] [id=67075]
  0x00007f9d479223e0 ConcurrentGCThread "G1 Refine#0" [stack: 0x0000700008e44000,0x0000700008f44000] [id=18947]
  0x00007f9d47923490 ConcurrentGCThread "G1 Young RemSet Sampling" [stack: 0x0000700008f47000,0x0000700009047000] [id=14339]

Threads with active compile tasks:

VM state: not at safepoint (normal execution)

VM Mutex/Monitor currently owned by a thread:  ([mutex/lock_event])
[0x00007f9d46414e70] JNIHandleBlockFreeList_lock - owner thread: 0x00007f9d50148c00

Heap address: 0x0000000780000000, size: 2048 MB, Compressed Oops mode: Zero based, Oop shift amount: 3
CDS archive(s) mapped at: [0x0000000800000000-0x0000000800b2b000-0x0000000800b2b000), size 11710464, SharedBaseAddress: 0x0000000800000000, ArchiveRelocationMode: 0.
Compressed class space mapped at: 0x0000000800b2c000-0x0000000840b2c000, size: 1073741824
Narrow klass base: 0x0000000800000000, Narrow klass shift: 3, Narrow klass range: 0x100000000

GC Precious Log:
 CPUs: 8 total, 8 available
 Memory: 8192M
 Large Page Support: Disabled
 NUMA Support: Disabled
 Compressed Oops: Enabled (Zero based)
 Heap Region Size: 1M
 Heap Min Capacity: 8M
 Heap Initial Capacity: 128M
 Heap Max Capacity: 2G
 Pre-touch: Disabled
 Parallel Workers: 8
 Concurrent Workers: 2
 Concurrent Refinement Workers: 8
 Periodic GC: Disabled

Heap:
 garbage-first heap   total 35840K, used 25188K [0x0000000780000000, 0x0000000800000000)
  region size 1024K, 10 young (10240K), 2 survivors (2048K)
 Metaspace       used 41266K, capacity 42148K, committed 42496K, reserved 1085440K
  class space    used 5185K, capacity 5822K, committed 5888K, reserved 1048576K

Heap Regions: E=young(eden), S=young(survivor), O=old, HS=humongous(starts), HC=humongous(continues), CS=collection set, F=free, OA=open archive, CA=closed archive, TAMS=top-at-mark-start (previous, next)
|   0|0x0000000780000000, 0x00000007800ffe00, 0x0000000780100000| 99%| O|  |TAMS 0x00000007800ffe00, 0x0000000780000000| Untracked 
|   1|0x0000000780100000, 0x0000000780200000, 0x0000000780200000|100%| O|  |TAMS 0x0000000780200000, 0x0000000780100000| Untracked 
|   2|0x0000000780200000, 0x0000000780300000, 0x0000000780300000|100%| O|  |TAMS 0x0000000780300000, 0x0000000780200000| Untracked 
|   3|0x0000000780300000, 0x0000000780400000, 0x0000000780400000|100%| O|  |TAMS 0x0000000780400000, 0x0000000780300000| Untracked 
|   4|0x0000000780400000, 0x0000000780500000, 0x0000000780500000|100%| O|  |TAMS 0x0000000780500000, 0x0000000780400000| Untracked 
|   5|0x0000000780500000, 0x0000000780600000, 0x0000000780600000|100%| O|  |TAMS 0x0000000780600000, 0x0000000780500000| Untracked 
|   6|0x0000000780600000, 0x0000000780700000, 0x0000000780700000|100%| O|  |TAMS 0x0000000780700000, 0x0000000780600000| Untracked 
|   7|0x0000000780700000, 0x0000000780800000, 0x0000000780800000|100%| O|  |TAMS 0x0000000780800000, 0x0000000780700000| Untracked 
|   8|0x0000000780800000, 0x0000000780900000, 0x0000000780900000|100%| O|  |TAMS 0x0000000780900000, 0x0000000780800000| Untracked 
|   9|0x0000000780900000, 0x0000000780a00000, 0x0000000780a00000|100%| O|  |TAMS 0x0000000780a00000, 0x0000000780900000| Untracked 
|  10|0x0000000780a00000, 0x0000000780b00000, 0x0000000780b00000|100%|HS|  |TAMS 0x0000000780b00000, 0x0000000780a00000| Complete 
|  11|0x0000000780b00000, 0x0000000780c00000, 0x0000000780c00000|100%|HC|  |TAMS 0x0000000780c00000, 0x0000000780b00000| Complete 
|  12|0x0000000780c00000, 0x0000000780d00000, 0x0000000780d00000|100%| O|  |TAMS 0x0000000780d00000, 0x0000000780c00000| Untracked 
|  13|0x0000000780d00000, 0x0000000780dd4200, 0x0000000780e00000| 82%| O|  |TAMS 0x0000000780dd4200, 0x0000000780d00000| Untracked 
|  14|0x0000000780e00000, 0x0000000780f00000, 0x0000000780f00000|100%|HS|  |TAMS 0x0000000780e00000, 0x0000000780e00000| Complete 
|  15|0x0000000780f00000, 0x0000000781000000, 0x0000000781000000|100%|HC|  |TAMS 0x0000000780f00000, 0x0000000780f00000| Complete 
|  16|0x0000000781000000, 0x0000000781000000, 0x0000000781100000|  0%| F|  |TAMS 0x0000000781000000, 0x0000000781000000| Untracked 
|  17|0x0000000781100000, 0x0000000781100000, 0x0000000781200000|  0%| F|  |TAMS 0x0000000781100000, 0x0000000781100000| Untracked 
|  18|0x0000000781200000, 0x0000000781200000, 0x0000000781300000|  0%| F|  |TAMS 0x0000000781200000, 0x0000000781200000| Untracked 
|  19|0x0000000781300000, 0x0000000781300000, 0x0000000781400000|  0%| F|  |TAMS 0x0000000781300000, 0x0000000781300000| Untracked 
|  20|0x0000000781400000, 0x0000000781400000, 0x0000000781500000|  0%| F|  |TAMS 0x0000000781400000, 0x0000000781400000| Untracked 
|  21|0x0000000781500000, 0x0000000781500000, 0x0000000781600000|  0%| F|  |TAMS 0x0000000781500000, 0x0000000781500000| Untracked 
|  22|0x0000000781600000, 0x0000000781600000, 0x0000000781700000|  0%| F|  |TAMS 0x0000000781600000, 0x0000000781600000| Untracked 
|  23|0x0000000781700000, 0x00000007817a9250, 0x0000000781800000| 66%| E|  |TAMS 0x0000000781700000, 0x0000000781700000| Complete 
|  24|0x0000000781800000, 0x00000007818fb398, 0x0000000781900000| 98%| S|CS|TAMS 0x0000000781800000, 0x0000000781800000| Complete 
|  25|0x0000000781900000, 0x0000000781a00000, 0x0000000781a00000|100%| E|CS|TAMS 0x0000000781900000, 0x0000000781900000| Complete 
| 112|0x0000000787000000, 0x0000000787100000, 0x0000000787100000|100%| S|CS|TAMS 0x0000000787000000, 0x0000000787000000| Complete 
| 113|0x0000000787100000, 0x0000000787200000, 0x0000000787200000|100%| E|CS|TAMS 0x0000000787100000, 0x0000000787100000| Complete 
| 114|0x0000000787200000, 0x0000000787300000, 0x0000000787300000|100%| E|CS|TAMS 0x0000000787200000, 0x0000000787200000| Complete 
| 115|0x0000000787300000, 0x0000000787400000, 0x0000000787400000|100%| E|CS|TAMS 0x0000000787300000, 0x0000000787300000| Complete 
| 116|0x0000000787400000, 0x0000000787500000, 0x0000000787500000|100%| E|  |TAMS 0x0000000787400000, 0x0000000787400000| Complete 
| 117|0x0000000787500000, 0x0000000787600000, 0x0000000787600000|100%| E|CS|TAMS 0x0000000787500000, 0x0000000787500000| Complete 
| 127|0x0000000787f00000, 0x0000000788000000, 0x0000000788000000|100%| E|CS|TAMS 0x0000000787f00000, 0x0000000787f00000| Complete 
|1022|0x00000007bfe00000, 0x00000007bfe51000, 0x00000007bff00000| 31%|OA|  |TAMS 0x00000007bfe51000, 0x00000007bfe00000| Untracked 
|1023|0x00000007bff00000, 0x00000007bff79000, 0x00000007c0000000| 47%|CA|  |TAMS 0x00000007bff79000, 0x00000007bff00000| Untracked 

Card table byte_map: [0x000000010c7a8000,0x000000010cba8000] _byte_map_base: 0x0000000108ba8000

Marking Bits (Prev, Next): (CMBitMap*) 0x00007f9d48808250, (CMBitMap*) 0x00007f9d48808210
 Prev Bits: [0x0000000126363000, 0x0000000128363000)
 Next Bits: [0x000000010cfa8000, 0x000000010efa8000)

Polling page: 0x000000010a096000

Metaspace:

Usage:
  Non-class:     35.47 MB capacity,    35.24 MB (>99%) used,   188.59 KB ( <1%) free+waste,    55.81 KB ( <1%) overhead. 
      Class:      5.69 MB capacity,     5.06 MB ( 89%) used,   614.62 KB ( 11%) free+waste,    22.25 KB ( <1%) overhead. 
       Both:     41.16 MB capacity,    40.30 MB ( 98%) used,   803.21 KB (  2%) free+waste,    78.06 KB ( <1%) overhead. 

Virtual space:
  Non-class space:       36.00 MB reserved,      35.75 MB (>99%) committed 
      Class space:        1.00 GB reserved,       5.75 MB ( <1%) committed 
             Both:        1.04 GB reserved,      41.50 MB (  4%) committed 

Chunk freelists:
   Non-Class:  250.00 KB
       Class:  18.00 KB
        Both:  268.00 KB

MaxMetaspaceSize: 17179869184.00 GB
CompressedClassSpaceSize: 1.00 GB

CodeHeap 'non-profiled nmethods': size=120028Kb used=1736Kb max_used=1736Kb free=118291Kb
 bounds [0x000000011ee2c000, 0x000000011f09c000, 0x0000000126363000]
CodeHeap 'profiled nmethods': size=120028Kb used=8666Kb max_used=8666Kb free=111361Kb
 bounds [0x00000001178f5000, 0x0000000118175000, 0x000000011ee2c000]
CodeHeap 'non-nmethods': size=5704Kb used=1581Kb max_used=1613Kb free=4122Kb
 bounds [0x0000000117363000, 0x00000001175d3000, 0x00000001178f5000]
 total_blobs=5607 nmethods=4658 adapters=862
 compilation: enabled
              stopped_count=0, restarted_count=0
 full_count=0

Compilation events (20 events):
Event: 20.332 Thread 0x00007f9d46839800 4656       3       com.sun.javafx.font.CompositeStrike::drawAsShapes (11 bytes)
Event: 20.333 Thread 0x00007f9d46839800 nmethod 4656 0x0000000118164c90 code [0x0000000118164e40, 0x0000000118165050]
Event: 20.345 Thread 0x00007f9d46839800 4657       3       com.sun.javafx.scene.layout.RegionHelper::computeLayoutBoundsImpl (10 bytes)
Event: 20.345 Thread 0x00007f9d46839800 nmethod 4657 0x0000000118165110 code [0x00000001181652c0, 0x00000001181655c0]
Event: 20.345 Thread 0x00007f9d46839800 4658       3       javafx.scene.layout.Region$1::doComputeLayoutBounds (8 bytes)
Event: 20.346 Thread 0x00007f9d46839800 nmethod 4658 0x0000000118165710 code [0x00000001181658c0, 0x0000000118165ae0]
Event: 20.346 Thread 0x00007f9d46839800 4659       3       javafx.scene.layout.Region::layoutInArea (28 bytes)
Event: 20.346 Thread 0x00007f9d46839800 nmethod 4659 0x0000000118165c10 code [0x0000000118165da0, 0x0000000118165f00]
Event: 20.347 Thread 0x00007f9d4681c400 4660       4       jdk.internal.org.objectweb.asm.ByteVector::put122 (93 bytes)
Event: 20.349 Thread 0x00007f9d46839800 4661   !   3       com.sun.prism.impl.ps.PaintHelper::setLinearGradient (516 bytes)
Event: 20.350 Thread 0x00007f9d46839800 nmethod 4661 0x0000000118166010 code [0x0000000118166420, 0x0000000118167d30]
Event: 20.350 Thread 0x00007f9d46839800 4663       3       com.sun.javafx.geom.transform.AffineBase::scale (284 bytes)
Event: 20.351 Thread 0x00007f9d46839800 nmethod 4663 0x0000000118168a90 code [0x0000000118168cc0, 0x0000000118169500]
Event: 20.351 Thread 0x00007f9d46839800 4662       3       com.sun.javafx.geom.Point2D::<init> (15 bytes)
Event: 20.351 Thread 0x00007f9d46839800 nmethod 4662 0x0000000118169610 code [0x00000001181697a0, 0x00000001181698f0]
Event: 20.351 Thread 0x00007f9d46839800 4664       3       com.sun.javafx.geom.transform.AffineBase::transform2DBounds (576 bytes)
Event: 20.352 Thread 0x00007f9d4681c400 nmethod 4660 0x000000011efdda10 code [0x000000011efddba0, 0x000000011efde078]
Event: 20.352 Thread 0x00007f9d46839800 nmethod 4664 0x0000000118169990 code [0x0000000118169c20, 0x000000011816aa10]
Event: 20.429 Thread 0x00007f9d46839800 4665       3       com.sun.javafx.geom.transform.GeneralTransform3D::scale (173 bytes)
Event: 20.429 Thread 0x00007f9d46839800 nmethod 4665 0x000000011816af10 code [0x000000011816b100, 0x000000011816b600]

GC Heap History (20 events):
Event: 0.563 GC heap before
{Heap before GC invocations=0 (full 0):
 garbage-first heap   total 133120K, used 23336K [0x0000000780000000, 0x0000000800000000)
  region size 1024K, 23 young (23552K), 0 survivors (0K)
 Metaspace       used 3030K, capacity 4519K, committed 4864K, reserved 1056768K
  class space    used 298K, capacity 394K, committed 512K, reserved 1048576K
}
Event: 0.565 GC heap after
{Heap after GC invocations=1 (full 0):
 garbage-first heap   total 133120K, used 1965K [0x0000000780000000, 0x0000000800000000)
  region size 1024K, 2 young (2048K), 2 survivors (2048K)
 Metaspace       used 3030K, capacity 4519K, committed 4864K, reserved 1056768K
  class space    used 298K, capacity 394K, committed 512K, reserved 1048576K
}
Event: 4.270 GC heap before
{Heap before GC invocations=1 (full 0):
 garbage-first heap   total 133120K, used 48045K [0x0000000780000000, 0x0000000800000000)
  region size 1024K, 48 young (49152K), 2 survivors (2048K)
 Metaspace       used 16966K, capacity 17162K, committed 17536K, reserved 1064960K
  class space    used 2008K, capacity 2090K, committed 2176K, reserved 1048576K
}
Event: 4.280 GC heap after
{Heap after GC invocations=2 (full 0):
 garbage-first heap   total 133120K, used 6954K [0x0000000780000000, 0x0000000800000000)
  region size 1024K, 6 young (6144K), 6 survivors (6144K)
 Metaspace       used 16966K, capacity 17162K, committed 17536K, reserved 1064960K
  class space    used 2008K, capacity 2090K, committed 2176K, reserved 1048576K
}
Event: 4.605 GC heap before
{Heap before GC invocations=2 (full 0):
 garbage-first heap   total 133120K, used 16170K [0x0000000780000000, 0x0000000800000000)
  region size 1024K, 16 young (16384K), 6 survivors (6144K)
 Metaspace       used 20554K, capacity 20746K, committed 21248K, reserved 1069056K
  class space    used 2388K, capacity 2474K, committed 2560K, reserved 1048576K
}
Event: 4.610 GC heap after
{Heap after GC invocations=3 (full 0):
 garbage-first heap   total 133120K, used 7671K [0x0000000780000000, 0x0000000800000000)
  region size 1024K, 6 young (6144K), 6 survivors (6144K)
 Metaspace       used 20554K, capacity 20746K, committed 21248K, reserved 1069056K
  class space    used 2388K, capacity 2474K, committed 2560K, reserved 1048576K
}
Event: 5.271 GC heap before
{Heap before GC invocations=4 (full 0):
 garbage-first heap   total 34816K, used 22007K [0x0000000780000000, 0x0000000800000000)
  region size 1024K, 20 young (20480K), 6 survivors (6144K)
 Metaspace       used 25826K, capacity 26112K, committed 26496K, reserved 1073152K
  class space    used 3023K, capacity 3104K, committed 3200K, reserved 1048576K
}
Event: 5.279 GC heap after
{Heap after GC invocations=5 (full 0):
 garbage-first heap   total 34816K, used 9751K [0x0000000780000000, 0x0000000800000000)
  region size 1024K, 3 young (3072K), 3 survivors (3072K)
 Metaspace       used 25826K, capacity 26112K, committed 26496K, reserved 1073152K
  class space    used 3023K, capacity 3104K, committed 3200K, reserved 1048576K
}
Event: 5.830 GC heap before
{Heap before GC invocations=5 (full 0):
 garbage-first heap   total 34816K, used 23063K [0x0000000780000000, 0x0000000800000000)
  region size 1024K, 17 young (17408K), 3 survivors (3072K)
 Metaspace       used 30477K, capacity 31072K, committed 31488K, reserved 1077248K
  class space    used 3595K, capacity 3961K, committed 4096K, reserved 1048576K
}
Event: 5.833 GC heap after
{Heap after GC invocations=6 (full 0):
 garbage-first heap   total 34816K, used 10584K [0x0000000780000000, 0x0000000800000000)
  region size 1024K, 2 young (2048K), 2 survivors (2048K)
 Metaspace       used 30477K, capacity 31072K, committed 31488K, reserved 1077248K
  class space    used 3595K, capacity 3961K, committed 4096K, reserved 1048576K
}
Event: 5.989 GC heap before
{Heap before GC invocations=6 (full 0):
 garbage-first heap   total 34816K, used 23896K [0x0000000780000000, 0x0000000800000000)
  region size 1024K, 15 young (15360K), 2 survivors (2048K)
 Metaspace       used 31034K, capacity 31754K, committed 32128K, reserved 1077248K
  class space    used 3644K, capacity 4165K, committed 4224K, reserved 1048576K
}
Event: 5.991 GC heap after
{Heap after GC invocations=7 (full 0):
 garbage-first heap   total 34816K, used 10776K [0x0000000780000000, 0x0000000800000000)
  region size 1024K, 2 young (2048K), 2 survivors (2048K)
 Metaspace       used 31034K, capacity 31754K, committed 32128K, reserved 1077248K
  class space    used 3644K, capacity 4165K, committed 4224K, reserved 1048576K
}
Event: 6.197 GC heap before
{Heap before GC invocations=7 (full 0):
 garbage-first heap   total 34816K, used 23064K [0x0000000780000000, 0x0000000800000000)
  region size 1024K, 15 young (15360K), 2 survivors (2048K)
 Metaspace       used 32130K, capacity 32895K, committed 33408K, reserved 1079296K
  class space    used 3819K, capacity 4395K, committed 4480K, reserved 1048576K
}
Event: 6.199 GC heap after
{Heap after GC invocations=8 (full 0):
 garbage-first heap   total 34816K, used 10971K [0x0000000780000000, 0x0000000800000000)
  region size 1024K, 1 young (1024K), 1 survivors (1024K)
 Metaspace       used 32130K, capacity 32895K, committed 33408K, reserved 1079296K
  class space    used 3819K, capacity 4395K, committed 4480K, reserved 1048576K
}
Event: 6.549 GC heap before
{Heap before GC invocations=8 (full 0):
 garbage-first heap   total 34816K, used 23259K [0x0000000780000000, 0x0000000800000000)
  region size 1024K, 14 young (14336K), 1 survivors (1024K)
 Metaspace       used 34729K, capacity 35507K, committed 35840K, reserved 1081344K
  class space    used 4244K, capacity 4835K, committed 4864K, reserved 1048576K
}
Event: 6.552 GC heap after
{Heap after GC invocations=9 (full 0):
 garbage-first heap   total 34816K, used 12898K [0x0000000780000000, 0x0000000800000000)
  region size 1024K, 2 young (2048K), 2 survivors (2048K)
 Metaspace       used 34729K, capacity 35507K, committed 35840K, reserved 1081344K
  class space    used 4244K, capacity 4835K, committed 4864K, reserved 1048576K
}
Event: 7.086 GC heap before
{Heap before GC invocations=10 (full 0):
 garbage-first heap   total 34816K, used 27234K [0x0000000780000000, 0x0000000800000000)
  region size 1024K, 14 young (14336K), 2 survivors (2048K)
 Metaspace       used 37834K, capacity 38655K, committed 39040K, reserved 1083392K
  class space    used 4829K, capacity 5413K, committed 5504K, reserved 1048576K
}
Event: 7.089 GC heap after
{Heap after GC invocations=11 (full 0):
 garbage-first heap   total 34816K, used 16102K [0x0000000780000000, 0x0000000800000000)
  region size 1024K, 2 young (2048K), 2 survivors (2048K)
 Metaspace       used 37834K, capacity 38655K, committed 39040K, reserved 1083392K
  class space    used 4829K, capacity 5413K, committed 5504K, reserved 1048576K
}
Event: 7.318 GC heap before
{Heap before GC invocations=11 (full 0):
 garbage-first heap   total 34816K, used 21222K [0x0000000780000000, 0x0000000800000000)
  region size 1024K, 8 young (8192K), 2 survivors (2048K)
 Metaspace       used 39374K, capacity 40188K, committed 40576K, reserved 1083392K
  class space    used 5054K, capacity 5645K, committed 5760K, reserved 1048576K
}
Event: 7.320 GC heap after
{Heap after GC invocations=12 (full 0):
 garbage-first heap   total 34816K, used 16996K [0x0000000780000000, 0x0000000800000000)
  region size 1024K, 2 young (2048K), 2 survivors (2048K)
 Metaspace       used 39374K, capacity 40188K, committed 40576K, reserved 1083392K
  class space    used 5054K, capacity 5645K, committed 5760K, reserved 1048576K
}

Deoptimization events (20 events):
Event: 15.864 Thread 0x00007f9d4a06a000 DEOPT PACKING pc=0x0000000117d7aa9d sp=0x00007ffee5ba12a0
Event: 15.864 Thread 0x00007f9d4a06a000 DEOPT UNPACKING pc=0x00000001173b0f2b sp=0x00007ffee5ba07a8 mode 0
Event: 15.866 Thread 0x00007f9d4a06a000 DEOPT PACKING pc=0x0000000117d7aa9d sp=0x00007ffee5ba1550
Event: 15.866 Thread 0x00007f9d4a06a000 DEOPT UNPACKING pc=0x00000001173b0f2b sp=0x00007ffee5ba0a58 mode 0
Event: 15.868 Thread 0x00007f9d4a06a000 DEOPT PACKING pc=0x0000000117d7aa9d sp=0x00007ffee5ba1190
Event: 15.868 Thread 0x00007f9d4a06a000 DEOPT UNPACKING pc=0x00000001173b0f2b sp=0x00007ffee5ba0698 mode 0
Event: 15.869 Thread 0x00007f9d4a06a000 DEOPT PACKING pc=0x0000000117d7aa9d sp=0x00007ffee5ba1210
Event: 15.869 Thread 0x00007f9d4a06a000 DEOPT UNPACKING pc=0x00000001173b0f2b sp=0x00007ffee5ba0718 mode 0
Event: 15.870 Thread 0x00007f9d4a06a000 DEOPT PACKING pc=0x0000000117d7aa9d sp=0x00007ffee5ba12b0
Event: 15.870 Thread 0x00007f9d4a06a000 DEOPT UNPACKING pc=0x00000001173b0f2b sp=0x00007ffee5ba07b8 mode 0
Event: 15.871 Thread 0x00007f9d4a06a000 DEOPT PACKING pc=0x0000000117d7aa9d sp=0x00007ffee5ba14b0
Event: 15.871 Thread 0x00007f9d4a06a000 DEOPT UNPACKING pc=0x00000001173b0f2b sp=0x00007ffee5ba09b8 mode 0
Event: 18.165 Thread 0x00007f9d4a06a000 Uncommon trap: trap_request=0xffffff45 fr.pc=0x000000011ef88550 relative=0x00000000000001b0
Event: 18.165 Thread 0x00007f9d4a06a000 Uncommon trap: reason=unstable_if action=reinterpret pc=0x000000011ef88550 method=java.util.concurrent.locks.ReentrantLock$NonfairSync.initialTryLock()Z @ 10 c2
Event: 18.165 Thread 0x00007f9d4a06a000 DEOPT PACKING pc=0x000000011ef88550 sp=0x00007ffee5ba2750
Event: 18.165 Thread 0x00007f9d4a06a000 DEOPT UNPACKING pc=0x00000001173b1125 sp=0x00007ffee5ba2640 mode 2
Event: 18.210 Thread 0x00007f9d4a06a000 Uncommon trap: trap_request=0xffffff45 fr.pc=0x000000011ef87834 relative=0x0000000000000134
Event: 18.210 Thread 0x00007f9d4a06a000 Uncommon trap: reason=unstable_if action=reinterpret pc=0x000000011ef87834 method=java.util.concurrent.locks.ReentrantLock$NonfairSync.initialTryLock()Z @ 10 c2
Event: 18.210 Thread 0x00007f9d4a06a000 DEOPT PACKING pc=0x000000011ef87834 sp=0x00007ffee5ba26b0
Event: 18.210 Thread 0x00007f9d4a06a000 DEOPT UNPACKING pc=0x00000001173b1125 sp=0x00007ffee5ba2658 mode 2

Classes unloaded (0 events):
No events

Classes redefined (0 events):
No events

Internal exceptions (20 events):
Event: 6.663 Thread 0x00007f9d4a06a000 Implicit null exception at 0x000000011ef0aa00 to 0x000000011ef0b39f
Event: 6.663 Thread 0x00007f9d4a06a000 Implicit null exception at 0x000000011ef0ed14 to 0x000000011ef0fc50
Event: 6.663 Thread 0x00007f9d4a06a000 Implicit null exception at 0x000000011ef0ec48 to 0x000000011ef0fc94
Event: 6.726 Thread 0x00007f9d4a06a000 Exception <a 'java/io/FileNotFoundException'{0x00000007873f91b8}> (0x00000007873f91b8) 
thrown [./open/src/hotspot/share/prims/jni.cpp, line 578]
Event: 6.972 Thread 0x00007f9d4a06a000 Exception <a 'java/lang/NoSuchMethodError'{0x00000007870a3158}: 'java.lang.Object java.lang.invoke.DirectMethodHandle$Holder.invokeInterface(java.lang.Object, java.lang.Object, java.lang.Object)'> (0x00000007870a3158) 
thrown [./open/src/hotspot/share/interpreter/linkResolver.cpp, line 782]
Event: 6.972 Thread 0x00007f9d4a06a000 Exception <a 'java/lang/IncompatibleClassChangeError'{0x00000007870a69f0}: Found class java.lang.Object, but interface was expected> (0x00000007870a69f0) 
thrown [./open/src/hotspot/share/interpreter/linkResolver.cpp, line 848]
Event: 7.032 Thread 0x00007f9d4a06a000 Exception <a 'java/lang/ClassNotFoundException'{0x0000000781627b30}: com/sun/javafx/scene/control/skin/resources/controls> (0x0000000781627b30) 
thrown [./open/src/hotspot/share/prims/jni.cpp, line 599]
Event: 7.033 Thread 0x00007f9d4a06a000 Exception <a 'java/lang/ClassNotFoundException'{0x0000000781635628}: com/sun/javafx/scene/control/skin/resources/controls_en> (0x0000000781635628) 
thrown [./open/src/hotspot/share/prims/jni.cpp, line 599]
Event: 7.033 Thread 0x00007f9d4a06a000 Exception <a 'java/lang/ClassNotFoundException'{0x00000007816365c0}: com/sun/javafx/scene/control/skin/resources/controls_en_AT> (0x00000007816365c0) 
thrown [./open/src/hotspot/share/prims/jni.cpp, line 599]
Event: 7.066 Thread 0x00007f9d4a06a000 Exception <a 'java/lang/NoSuchMethodError'{0x00000007815cb458}: 'void java.lang.invoke.DirectMethodHandle$Holder.invokeSpecial(java.lang.Object, java.lang.Object, java.lang.Object, java.lang.Object, java.lang.Object, java.lang.Object)'> (0x00000007815cb458) 
thrown [./open/src/hotspot/share/interpreter/linkResolver.cpp, line 782]
Event: 7.176 Thread 0x00007f9d4a06a000 Exception <a 'java/lang/NoSuchMethodError'{0x0000000787492f90}: 'java.lang.Object java.lang.invoke.DirectMethodHandle$Holder.newInvokeSpecial(java.lang.Object, java.lang.Object, int)'> (0x0000000787492f90) 
thrown [./open/src/hotspot/share/interpreter/linkResolver.cpp, line 782]
Event: 7.249 Thread 0x00007f9d4800a800 Exception <a 'java/lang/NoSuchMethodError'{0x000000078739bc38}: 'int java.lang.invoke.DirectMethodHandle$Holder.invokeStaticInit(java.lang.Object, java.lang.Object)'> (0x000000078739bc38) 
thrown [./open/src/hotspot/share/interpreter/linkResolver.cpp, line 782]
Event: 8.296 Thread 0x00007f9d4a06a000 Exception <a 'java/lang/NoSuchMethodError'{0x0000000787572fb8}: 'java.lang.Object java.lang.invoke.DirectMethodHandle$Holder.newInvokeSpecial(java.lang.Object, java.lang.Object, int, int, int, int, int, java.lang.Object)'> (0x0000000787572fb8) 
thrown [./open/src/hotspot/share/interpreter/linkResolver.cpp, line 782]
Event: 8.297 Thread 0x00007f9d4a06a000 Exception <a 'java/lang/NoSuchMethodError'{0x0000000787586b28}: 'java.lang.Object java.lang.invoke.DirectMethodHandle$Holder.newInvokeSpecial(java.lang.Object, java.lang.Object, java.lang.Object, int, int, int, int, int)'> (0x0000000787586b28) 
thrown [./open/src/hotspot/share/interpreter/linkResolver.cpp, line 782]
Event: 8.298 Thread 0x00007f9d4a06a000 Exception <a 'java/lang/NoSuchMethodError'{0x000000078758e688}: 'java.lang.Object java.lang.invoke.Invokers$Holder.linkToTargetMethod(java.lang.Object, java.lang.Object, int, int, int, int, int, java.lang.Object)'> (0x000000078758e688) 
thrown [./open/src/hotspot/share/interpreter/linkResolver.cpp, line 782]
Event: 8.301 Thread 0x00007f9d4a06a000 Exception <a 'java/lang/NoSuchMethodError'{0x00000007875a6a90}: 'long java.lang.invoke.DirectMethodHandle$Holder.invokeStatic(java.lang.Object, java.lang.Object, java.lang.Object)'> (0x00000007875a6a90) 
thrown [./open/src/hotspot/share/interpreter/linkResolver.cpp, line 782]
Event: 8.302 Thread 0x00007f9d4a06a000 Exception <a 'java/lang/NoSuchMethodError'{0x00000007875aa440}: 'long java.lang.invoke.DirectMethodHandle$Holder.invokeStaticInit(java.lang.Object, java.lang.Object, java.lang.Object)'> (0x00000007875aa440) 
thrown [./open/src/hotspot/share/interpreter/linkResolver.cpp, line 782]
Event: 8.304 Thread 0x00007f9d4a06a000 Exception <a 'java/lang/NoSuchMethodError'{0x00000007875c27b0}: 'java.lang.Object java.lang.invoke.DirectMethodHandle$Holder.newInvokeSpecial(java.lang.Object, java.lang.Object, long)'> (0x00000007875c27b0) 
thrown [./open/src/hotspot/share/interpreter/linkResolver.cpp, line 782]
Event: 8.304 Thread 0x00007f9d4a06a000 Exception <a 'java/lang/NoSuchMethodError'{0x00000007875c6278}: 'java.lang.Object java.lang.invoke.Invokers$Holder.linkToTargetMethod(java.lang.Object, long, java.lang.Object)'> (0x00000007875c6278) 
thrown [./open/src/hotspot/share/interpreter/linkResolver.cpp, line 782]
Event: 15.847 Thread 0x00007f9d4a06a000 Exception <a 'sun/nio/fs/UnixException'{0x000000078727ad38}> (0x000000078727ad38) 
thrown [./open/src/hotspot/share/prims/jni.cpp, line 578]

Events (20 events):
Event: 15.350 Executing VM operation: HandshakeAllThreads done
Event: 15.579 Protecting memory [0x0000700009353000,0x0000700009357000] with protection modes 0
Event: 15.579 Thread 0x00007f9d501d0a00 Thread added: 0x00007f9d501d0a00
Event: 15.929 Loaded shared library /Users/maha/Libraries/javafx-sdk-15.0.1/lib/libprism_es2.dylib
Event: 16.195 Protecting memory [0x0000700009353000,0x0000700009357000] with protection modes 3
Event: 16.195 Thread 0x00007f9d501d0a00 Thread exited: 0x00007f9d501d0a00
Event: 16.350 Executing VM operation: HandshakeAllThreads
Event: 16.350 Executing VM operation: HandshakeAllThreads done
Event: 18.128 Loaded shared library /Users/maha/Libraries/javafx-sdk-15.0.1/lib/libprism_es2.dylib
Event: 18.133 Loaded shared library /Users/maha/Libraries/javafx-sdk-15.0.1/lib/libprism_es2.dylib
Event: 18.145 Protecting memory [0x0000700009353000,0x0000700009357000] with protection modes 0
Event: 18.145 Thread 0x00007f9d501d6200 Thread added: 0x00007f9d501d6200
Event: 18.212 Loaded shared library /Users/maha/Libraries/javafx-sdk-15.0.1/lib/libprism_es2.dylib
Event: 18.260 Loaded shared library /Users/maha/Libraries/javafx-sdk-15.0.1/lib/libprism_es2.dylib
Event: 18.796 Protecting memory [0x0000700009353000,0x0000700009357000] with protection modes 3
Event: 18.796 Thread 0x00007f9d501d6200 Thread exited: 0x00007f9d501d6200
Event: 19.354 Executing VM operation: HandshakeAllThreads
Event: 19.354 Executing VM operation: HandshakeAllThreads done
Event: 20.346 Protecting memory [0x0000700009353000,0x0000700009357000] with protection modes 0
Event: 20.346 Thread 0x00007f9d50148c00 Thread added: 0x00007f9d50148c00


Dynamic libraries:
0x00007fff70a42000 	/usr/lib/libz.1.dylib
0x000000010a061000 	/Library/Java/JavaVirtualMachines/jdk-15.0.1.jdk/Contents/Home/lib/libjli.dylib
0x00007fff36496000 	/System/Library/Frameworks/Cocoa.framework/Versions/A/Cocoa
0x00007fff43cd7000 	/System/Library/Frameworks/Security.framework/Versions/A/Security
0x00007fff353fb000 	/System/Library/Frameworks/ApplicationServices.framework/Versions/A/ApplicationServices
0x00007fff6e478000 	/usr/lib/libSystem.B.dylib
0x00007fff71303000 	/usr/lib/system/libcache.dylib
0x00007fff71309000 	/usr/lib/system/libcommonCrypto.dylib
0x00007fff71315000 	/usr/lib/system/libcompiler_rt.dylib
0x00007fff7131d000 	/usr/lib/system/libcopyfile.dylib
0x00007fff71327000 	/usr/lib/system/libcorecrypto.dylib
0x00007fff714c6000 	/usr/lib/system/libdispatch.dylib
0x00007fff71507000 	/usr/lib/system/libdyld.dylib
0x00007fff7153e000 	/usr/lib/system/libkeymgr.dylib
0x00007fff7154c000 	/usr/lib/system/liblaunch.dylib
0x00007fff7154d000 	/usr/lib/system/libmacho.dylib
0x00007fff71553000 	/usr/lib/system/libquarantine.dylib
0x00007fff71556000 	/usr/lib/system/libremovefile.dylib
0x00007fff71558000 	/usr/lib/system/libsystem_asl.dylib
0x00007fff71570000 	/usr/lib/system/libsystem_blocks.dylib
0x00007fff71571000 	/usr/lib/system/libsystem_c.dylib
0x00007fff715f9000 	/usr/lib/system/libsystem_configuration.dylib
0x00007fff715fd000 	/usr/lib/system/libsystem_coreservices.dylib
0x00007fff71601000 	/usr/lib/system/libsystem_darwin.dylib
0x00007fff7160a000 	/usr/lib/system/libsystem_dnssd.dylib
0x00007fff71612000 	/usr/lib/system/libsystem_featureflags.dylib
0x00007fff71614000 	/usr/lib/system/libsystem_info.dylib
0x00007fff7168f000 	/usr/lib/system/libsystem_m.dylib
0x00007fff716db000 	/usr/lib/system/libsystem_malloc.dylib
0x00007fff71703000 	/usr/lib/system/libsystem_networkextension.dylib
0x00007fff71711000 	/usr/lib/system/libsystem_notify.dylib
0x00007fff7172f000 	/usr/lib/system/libsystem_sandbox.dylib
0x00007fff71734000 	/usr/lib/system/libsystem_secinit.dylib
0x00007fff71662000 	/usr/lib/system/libsystem_kernel.dylib
0x00007fff7171b000 	/usr/lib/system/libsystem_platform.dylib
0x00007fff71724000 	/usr/lib/system/libsystem_pthread.dylib
0x00007fff71737000 	/usr/lib/system/libsystem_symptoms.dylib
0x00007fff7173f000 	/usr/lib/system/libsystem_trace.dylib
0x00007fff71757000 	/usr/lib/system/libunwind.dylib
0x00007fff7175d000 	/usr/lib/system/libxpc.dylib
0x00007fff7036f000 	/usr/lib/libobjc.A.dylib
0x00007fff6e847000 	/usr/lib/libc++abi.dylib
0x00007fff6e7f4000 	/usr/lib/libc++.1.dylib
0x00007fff37349000 	/System/Library/Frameworks/CoreFoundation.framework/Versions/A/CoreFoundation
0x00007fff39a29000 	/System/Library/Frameworks/Foundation.framework/Versions/C/Foundation
0x00007fff345eb000 	/System/Library/Frameworks/AppKit.framework/Versions/C/AppKit
0x00007fff36e1a000 	/System/Library/Frameworks/CoreData.framework/Versions/A/CoreData
0x00007fff68473000 	/System/Library/PrivateFrameworks/UIFoundation.framework/Versions/A/UIFoundation
0x00007fff63507000 	/System/Library/PrivateFrameworks/RemoteViewServices.framework/Versions/A/RemoteViewServices
0x00007fff6afe8000 	/System/Library/PrivateFrameworks/XCTTargetBootstrap.framework/Versions/A/XCTTargetBootstrap
0x00007fff37216000 	/System/Library/Frameworks/CoreDisplay.framework/Versions/A/CoreDisplay
0x00007fff3c8e7000 	/System/Library/Frameworks/Metal.framework/Versions/A/Metal
0x00007fff514ef000 	/System/Library/PrivateFrameworks/DesktopServicesPriv.framework/Versions/A/DesktopServicesPriv
0x00007fff6f64a000 	/usr/lib/liblangid.dylib
0x00007fff50784000 	/System/Library/PrivateFrameworks/CoreSVG.framework/Versions/A/CoreSVG
0x00007fff66663000 	/System/Library/PrivateFrameworks/SkyLight.framework/Versions/A/SkyLight
0x00007fff377cb000 	/System/Library/Frameworks/CoreGraphics.framework/Versions/A/CoreGraphics
0x00007fff32f5a000 	/System/Library/Frameworks/Accelerate.framework/Versions/A/Accelerate
0x00007fff70933000 	/usr/lib/libxml2.2.dylib
0x00007fff5c491000 	/System/Library/PrivateFrameworks/IconServices.framework/Versions/A/IconServices
0x00007fff3a208000 	/System/Library/Frameworks/IOSurface.framework/Versions/A/IOSurface
0x00007fff6dfa2000 	/usr/lib/libDiagnosticMessagesClient.dylib
0x00007fff51349000 	/System/Library/PrivateFrameworks/DFRFoundation.framework/Versions/A/DFRFoundation
0x00007fff6f3d9000 	/usr/lib/libicucore.A.dylib
0x00007fff3572d000 	/System/Library/Frameworks/AudioToolbox.framework/Versions/A/AudioToolbox
0x00007fff35810000 	/System/Library/Frameworks/AudioUnit.framework/Versions/A/AudioUnit
0x00007fff6e710000 	/usr/lib/libauto.dylib
0x00007fff513eb000 	/System/Library/PrivateFrameworks/DataDetectorsCore.framework/Versions/A/DataDetectorsCore
0x00007fff35fb7000 	/System/Library/Frameworks/Carbon.framework/Versions/A/Frameworks/HIToolbox.framework/Versions/A/HIToolbox
0x00007fff42ed1000 	/System/Library/Frameworks/QuartzCore.framework/Versions/A/QuartzCore
0x00007fff362f6000 	/System/Library/Frameworks/Carbon.framework/Versions/A/Frameworks/SpeechRecognition.framework/Versions/A/SpeechRecognition
0x00007fff50e5d000 	/System/Library/PrivateFrameworks/CoreUI.framework/Versions/A/CoreUI
0x00007fff36885000 	/System/Library/Frameworks/CoreAudio.framework/Versions/A/CoreAudio
0x00007fff396e8000 	/System/Library/Frameworks/DiskArbitration.framework/Versions/A/DiskArbitration
0x00007fff5e4e1000 	/System/Library/PrivateFrameworks/MultitouchSupport.framework/Versions/A/MultitouchSupport
0x00007fff6f2a0000 	/usr/lib/libenergytrace.dylib
0x00007fff3a162000 	/System/Library/Frameworks/IOKit.framework/Versions/A/IOKit
0x00007fff38754000 	/System/Library/Frameworks/CoreServices.framework/Versions/A/CoreServices
0x00007fff6069a000 	/System/Library/PrivateFrameworks/PerformanceAnalysis.framework/Versions/A/PerformanceAnalysis
0x00007fff41f04000 	/System/Library/Frameworks/OpenGL.framework/Versions/A/OpenGL
0x00007fff364a4000 	/System/Library/Frameworks/ColorSync.framework/Versions/A/ColorSync
0x00007fff37e70000 	/System/Library/Frameworks/CoreImage.framework/Versions/A/CoreImage
0x00007fff391c7000 	/System/Library/Frameworks/CoreText.framework/Versions/A/CoreText
0x00007fff3a298000 	/System/Library/Frameworks/ImageIO.framework/Versions/A/ImageIO
0x00007fff6e870000 	/usr/lib/libcompression.dylib
0x00007fff6e2e6000 	/usr/lib/libMobileGestalt.dylib
0x00007fff681dd000 	/System/Library/PrivateFrameworks/TextureIO.framework/Versions/A/TextureIO
0x00007fff6e5dd000 	/usr/lib/libate.dylib
0x00007fff5c69a000 	/System/Library/PrivateFrameworks/InternationalSupport.framework/Versions/A/InternationalSupport
0x00007fff6f64c000 	/usr/lib/liblzma.5.dylib
0x00007fff6f2c7000 	/usr/lib/libfakelink.dylib
0x00007fff6e56a000 	/usr/lib/libarchive.2.dylib
0x00007fff44d88000 	/System/Library/Frameworks/SystemConfiguration.framework/Versions/A/SystemConfiguration
0x00007fff6ded5000 	/usr/lib/libCRFSuite.dylib
0x00007fff35ba7000 	/System/Library/Frameworks/CFNetwork.framework/Versions/A/CFNetwork
0x00007fff6e7d6000 	/usr/lib/libbsm.0.dylib
0x00007fff7153f000 	/usr/lib/system/libkxld.dylib
0x00007fff4acc5000 	/System/Library/PrivateFrameworks/AppleFSCompression.framework/Versions/A/AppleFSCompression
0x00007fff6eb62000 	/usr/lib/libcoretls.dylib
0x00007fff6eb79000 	/usr/lib/libcoretls_cfhelpers.dylib
0x00007fff703b4000 	/usr/lib/libpam.2.dylib
0x00007fff704e9000 	/usr/lib/libsqlite3.dylib
0x00007fff70920000 	/usr/lib/libxar.1.dylib
0x00007fff6e7e7000 	/usr/lib/libbz2.1.0.dylib
0x00007fff6f2e8000 	/usr/lib/libiconv.2.dylib
0x00007fff6e85d000 	/usr/lib/libcharset.1.dylib
0x00007fff6fe52000 	/usr/lib/libnetwork.dylib
0x00007fff703bb000 	/usr/lib/libpcap.A.dylib
0x00007fff6e51f000 	/usr/lib/libapple_nghttp2.dylib
0x00007fff38b0b000 	/System/Library/Frameworks/CoreServices.framework/Versions/A/Frameworks/FSEvents.framework/Versions/A/FSEvents
0x00007fff387db000 	/System/Library/Frameworks/CoreServices.framework/Versions/A/Frameworks/CarbonCore.framework/Versions/A/CarbonCore
0x00007fff38d4f000 	/System/Library/Frameworks/CoreServices.framework/Versions/A/Frameworks/Metadata.framework/Versions/A/Metadata
0x00007fff38de8000 	/System/Library/Frameworks/CoreServices.framework/Versions/A/Frameworks/OSServices.framework/Versions/A/OSServices
0x00007fff38e16000 	/System/Library/Frameworks/CoreServices.framework/Versions/A/Frameworks/SearchKit.framework/Versions/A/SearchKit
0x00007fff38755000 	/System/Library/Frameworks/CoreServices.framework/Versions/A/Frameworks/AE.framework/Versions/A/AE
0x00007fff38b14000 	/System/Library/Frameworks/CoreServices.framework/Versions/A/Frameworks/LaunchServices.framework/Versions/A/LaunchServices
0x00007fff38abd000 	/System/Library/Frameworks/CoreServices.framework/Versions/A/Frameworks/DictionaryServices.framework/Versions/A/DictionaryServices
0x00007fff38e7e000 	/System/Library/Frameworks/CoreServices.framework/Versions/A/Frameworks/SharedFileList.framework/Versions/A/SharedFileList
0x00007fff3dd23000 	/System/Library/Frameworks/NetFS.framework/Versions/A/NetFS
0x00007fff5ea11000 	/System/Library/PrivateFrameworks/NetAuth.framework/Versions/A/NetAuth
0x00007fff6b3b5000 	/System/Library/PrivateFrameworks/login.framework/Versions/A/Frameworks/loginsupport.framework/Versions/A/loginsupport
0x00007fff67ca8000 	/System/Library/PrivateFrameworks/TCC.framework/Versions/A/TCC
0x00007fff4f8f7000 	/System/Library/PrivateFrameworks/CoreNLP.framework/Versions/A/CoreNLP
0x00007fff5df0e000 	/System/Library/PrivateFrameworks/MetadataUtilities.framework/Versions/A/MetadataUtilities
0x00007fff6f724000 	/usr/lib/libmecabra.dylib
0x00007fff6f67c000 	/usr/lib/libmecab.dylib
0x00007fff6f2d8000 	/usr/lib/libgermantok.dylib
0x00007fff6e506000 	/usr/lib/libThaiTokenizer.dylib
0x00007fff6df0c000 	/usr/lib/libChineseTokenizer.dylib
0x00007fff32f73000 	/System/Library/Frameworks/Accelerate.framework/Versions/A/Frameworks/vImage.framework/Versions/A/vImage
0x00007fff34441000 	/System/Library/Frameworks/Accelerate.framework/Versions/A/Frameworks/vecLib.framework/Versions/A/vecLib
0x00007fff342c2000 	/System/Library/Frameworks/Accelerate.framework/Versions/A/Frameworks/vecLib.framework/Versions/A/libvMisc.dylib
0x00007fff3412f000 	/System/Library/Frameworks/Accelerate.framework/Versions/A/Frameworks/vecLib.framework/Versions/A/libvDSP.dylib
0x00007fff3380f000 	/System/Library/Frameworks/Accelerate.framework/Versions/A/Frameworks/vecLib.framework/Versions/A/libBLAS.dylib
0x00007fff33ce7000 	/System/Library/Frameworks/Accelerate.framework/Versions/A/Frameworks/vecLib.framework/Versions/A/libLAPACK.dylib
0x00007fff3408f000 	/System/Library/Frameworks/Accelerate.framework/Versions/A/Frameworks/vecLib.framework/Versions/A/libLinearAlgebra.dylib
0x00007fff3411c000 	/System/Library/Frameworks/Accelerate.framework/Versions/A/Frameworks/vecLib.framework/Versions/A/libSparseBLAS.dylib
0x00007fff340a5000 	/System/Library/Frameworks/Accelerate.framework/Versions/A/Frameworks/vecLib.framework/Versions/A/libQuadrature.dylib
0x00007fff339a5000 	/System/Library/Frameworks/Accelerate.framework/Versions/A/Frameworks/vecLib.framework/Versions/A/libBNNS.dylib
0x00007fff340ab000 	/System/Library/Frameworks/Accelerate.framework/Versions/A/Frameworks/vecLib.framework/Versions/A/libSparse.dylib
0x00007fff5ca82000 	/System/Library/PrivateFrameworks/LanguageModeling.framework/Versions/A/LanguageModeling
0x00007fff4f2a7000 	/System/Library/PrivateFrameworks/CoreEmoji.framework/Versions/A/CoreEmoji
0x00007fff5cba0000 	/System/Library/PrivateFrameworks/LinguisticData.framework/Versions/A/LinguisticData
0x00007fff5cb51000 	/System/Library/PrivateFrameworks/Lexicon.framework/Versions/A/Lexicon
0x00007fff6e85e000 	/usr/lib/libcmph.dylib
0x00007fff40912000 	/System/Library/Frameworks/OpenDirectory.framework/Versions/A/Frameworks/CFOpenDirectory.framework/Versions/A/CFOpenDirectory
0x00007fff4092f000 	/System/Library/Frameworks/OpenDirectory.framework/Versions/A/OpenDirectory
0x00007fff48d72000 	/System/Library/PrivateFrameworks/APFS.framework/Versions/A/APFS
0x00007fff44021000 	/System/Library/Frameworks/SecurityFoundation.framework/Versions/A/SecurityFoundation
0x00007fff7091c000 	/usr/lib/libutil.dylib
0x00007fff507dc000 	/System/Library/PrivateFrameworks/CoreServicesStore.framework/Versions/A/CoreServicesStore
0x00007fff440d8000 	/System/Library/Frameworks/ServiceManagement.framework/Versions/A/ServiceManagement
0x00007fff4c495000 	/System/Library/PrivateFrameworks/BackgroundTaskManagement.framework/Versions/A/BackgroundTaskManagement
0x00007fff70a19000 	/usr/lib/libxslt.1.dylib
0x00007fff4b338000 	/System/Library/PrivateFrameworks/AppleSystemInfo.framework/Versions/A/AppleSystemInfo
0x00007fff3a4b6000 	/System/Library/Frameworks/ImageIO.framework/Versions/A/Resources/libJPEG.dylib
0x00007fff3a775000 	/System/Library/Frameworks/ImageIO.framework/Versions/A/Resources/libTIFF.dylib
0x00007fff3a758000 	/System/Library/Frameworks/ImageIO.framework/Versions/A/Resources/libPng.dylib
0x00007fff3a3f8000 	/System/Library/Frameworks/ImageIO.framework/Versions/A/Resources/libGIF.dylib
0x00007fff3a3fc000 	/System/Library/Frameworks/ImageIO.framework/Versions/A/Resources/libJP2.dylib
0x00007fff3a773000 	/System/Library/Frameworks/ImageIO.framework/Versions/A/Resources/libRadiance.dylib
0x00007fff6f2a1000 	/usr/lib/libexpat.1.dylib
0x00007fff4ae20000 	/System/Library/PrivateFrameworks/AppleJPEG.framework/Versions/A/AppleJPEG
0x00007fff53af2000 	/System/Library/PrivateFrameworks/FontServices.framework/libFontParser.dylib
0x00007fff6a3b7000 	/System/Library/PrivateFrameworks/WatchdogClient.framework/Versions/A/WatchdogClient
0x00007fff5c0dd000 	/System/Library/PrivateFrameworks/IOAccelerator.framework/Versions/A/IOAccelerator
0x00007fff3cc82000 	/System/Library/Frameworks/MetalPerformanceShaders.framework/Versions/A/MetalPerformanceShaders
0x00007fff5886d000 	/System/Library/PrivateFrameworks/GPUWrangler.framework/Versions/A/GPUWrangler
0x00007fff5c0f2000 	/System/Library/PrivateFrameworks/IOPresentment.framework/Versions/A/IOPresentment
0x00007fff5135c000 	/System/Library/PrivateFrameworks/DSExternalDisplay.framework/Versions/A/DSExternalDisplay
0x00007fff412a3000 	/System/Library/Frameworks/OpenGL.framework/Versions/A/Libraries/libCoreFSCache.dylib
0x00007fff3c9ce000 	/System/Library/Frameworks/MetalPerformanceShaders.framework/Frameworks/MPSCore.framework/Versions/A/MPSCore
0x00007fff3ca0c000 	/System/Library/Frameworks/MetalPerformanceShaders.framework/Frameworks/MPSImage.framework/Versions/A/MPSImage
0x00007fff3cad3000 	/System/Library/Frameworks/MetalPerformanceShaders.framework/Frameworks/MPSNeuralNetwork.framework/Versions/A/MPSNeuralNetwork
0x00007fff3ca97000 	/System/Library/Frameworks/MetalPerformanceShaders.framework/Frameworks/MPSMatrix.framework/Versions/A/MPSMatrix
0x00007fff3cc32000 	/System/Library/Frameworks/MetalPerformanceShaders.framework/Frameworks/MPSRayIntersector.framework/Versions/A/MPSRayIntersector
0x00007fff3cabd000 	/System/Library/Frameworks/MetalPerformanceShaders.framework/Frameworks/MPSNDArray.framework/Versions/A/MPSNDArray
0x00007fff5df5b000 	/System/Library/PrivateFrameworks/MetalTools.framework/Versions/A/MetalTools
0x00007fff49f4c000 	/System/Library/PrivateFrameworks/AggregateDictionary.framework/Versions/A/AggregateDictionary
0x00007fff4ecef000 	/System/Library/PrivateFrameworks/CoreAnalytics.framework/Versions/A/CoreAnalytics
0x00007fff4b257000 	/System/Library/PrivateFrameworks/AppleSauce.framework/Versions/A/AppleSauce
0x00007fff6e1c8000 	/usr/lib/libIOReport.dylib
0x00007fff3937f000 	/System/Library/Frameworks/CoreVideo.framework/Versions/A/CoreVideo
0x00007fff59ce6000 	/System/Library/PrivateFrameworks/GraphVisualizer.framework/Versions/A/GraphVisualizer
0x00007fff53038000 	/System/Library/PrivateFrameworks/FaceCore.framework/Versions/A/FaceCore
0x00007fff408b9000 	/System/Library/Frameworks/OpenCL.framework/Versions/A/OpenCL
0x00007fff6dfea000 	/usr/lib/libFosl_dynamic.dylib
0x00007fff5f432000 	/System/Library/PrivateFrameworks/OTSVG.framework/Versions/A/OTSVG
0x00007fff35500000 	/System/Library/Frameworks/ApplicationServices.framework/Versions/A/Frameworks/ATS.framework/Versions/A/Resources/libFontRegistry.dylib
0x00007fff53cc1000 	/System/Library/PrivateFrameworks/FontServices.framework/libhvf.dylib
0x00007fff412ae000 	/System/Library/Frameworks/OpenGL.framework/Versions/A/Libraries/libGFXShared.dylib
0x00007fff4148c000 	/System/Library/Frameworks/OpenGL.framework/Versions/A/Libraries/libGLU.dylib
0x00007fff412b7000 	/System/Library/Frameworks/OpenGL.framework/Versions/A/Libraries/libGL.dylib
0x00007fff412c2000 	/System/Library/Frameworks/OpenGL.framework/Versions/A/Libraries/libGLImage.dylib
0x00007fff412a0000 	/System/Library/Frameworks/OpenGL.framework/Versions/A/Libraries/libCVMSPluginSupport.dylib
0x00007fff412a9000 	/System/Library/Frameworks/OpenGL.framework/Versions/A/Libraries/libCoreVMClient.dylib
0x00007fff6fcf3000 	/usr/lib/libncurses.5.4.dylib
0x00007fff353fc000 	/System/Library/Frameworks/ApplicationServices.framework/Versions/A/Frameworks/ATS.framework/Versions/A/ATS
0x00007fff355c9000 	/System/Library/Frameworks/ApplicationServices.framework/Versions/A/Frameworks/ColorSyncLegacy.framework/Versions/A/ColorSyncLegacy
0x00007fff35667000 	/System/Library/Frameworks/ApplicationServices.framework/Versions/A/Frameworks/HIServices.framework/Versions/A/HIServices
0x00007fff356bf000 	/System/Library/Frameworks/ApplicationServices.framework/Versions/A/Frameworks/LangAnalysis.framework/Versions/A/LangAnalysis
0x00007fff356ce000 	/System/Library/Frameworks/ApplicationServices.framework/Versions/A/Frameworks/PrintCore.framework/Versions/A/PrintCore
0x00007fff35714000 	/System/Library/Frameworks/ApplicationServices.framework/Versions/A/Frameworks/QD.framework/Versions/A/QD
0x00007fff3571f000 	/System/Library/Frameworks/ApplicationServices.framework/Versions/A/Frameworks/SpeechSynthesis.framework/Versions/A/SpeechSynthesis
0x00007fff35599000 	/System/Library/Frameworks/ApplicationServices.framework/Versions/A/Frameworks/ATSUI.framework/Versions/A/ATSUI
0x00007fff6f137000 	/usr/lib/libcups.2.dylib
0x00007fff3bd1d000 	/System/Library/Frameworks/Kerberos.framework/Versions/A/Kerberos
0x00007fff39e5b000 	/System/Library/Frameworks/GSS.framework/Versions/A/GSS
0x00007fff70475000 	/usr/lib/libresolv.9.dylib
0x00007fff59e93000 	/System/Library/PrivateFrameworks/Heimdal.framework/Versions/A/Heimdal
0x00007fff3bd30000 	/System/Library/Frameworks/Kerberos.framework/Versions/A/Libraries/libHeimdalProxy.dylib
0x00007fff6f2de000 	/usr/lib/libheimdal-asn1.dylib
0x00007fff4e187000 	/System/Library/PrivateFrameworks/CommonAuth.framework/Versions/A/CommonAuth
0x00007fff4b3d5000 	/System/Library/PrivateFrameworks/AssertionServices.framework/Versions/A/AssertionServices
0x00007fff4bf78000 	/System/Library/PrivateFrameworks/AudioToolboxCore.framework/Versions/A/AudioToolboxCore
0x00007fff6b065000 	/System/Library/PrivateFrameworks/caulk.framework/Versions/A/caulk
0x00007fff4c541000 	/System/Library/PrivateFrameworks/BaseBoard.framework/Versions/A/BaseBoard
0x00007fff63695000 	/System/Library/PrivateFrameworks/RunningBoardServices.framework/Versions/A/RunningBoardServices
0x00007fff606a6000 	/System/Library/PrivateFrameworks/PersistentConnection.framework/Versions/A/PersistentConnection
0x00007fff6308e000 	/System/Library/PrivateFrameworks/ProtocolBuffer.framework/Versions/A/ProtocolBuffer
0x00007fff4e1ab000 	/System/Library/PrivateFrameworks/CommonUtilities.framework/Versions/A/CommonUtilities
0x00007fff4c6cf000 	/System/Library/PrivateFrameworks/Bom.framework/Versions/A/Bom
0x00007fff6de9b000 	/usr/lib/libAudioToolboxUtility.dylib
0x00007fff4c49f000 	/System/Library/PrivateFrameworks/Backup.framework/Versions/A/Backup
0x00007fff5127d000 	/System/Library/PrivateFrameworks/CrashReporterSupport.framework/Versions/A/CrashReporterSupport
0x00007fff65127000 	/System/Library/PrivateFrameworks/Sharing.framework/Versions/A/Sharing
0x00007fff4a9e3000 	/System/Library/PrivateFrameworks/Apple80211.framework/Versions/A/Apple80211
0x00007fff4c1bc000 	/System/Library/PrivateFrameworks/AuthKit.framework/Versions/A/AuthKit
0x00007fff50f8a000 	/System/Library/PrivateFrameworks/CoreUtils.framework/Versions/A/CoreUtils
0x00007fff393c4000 	/System/Library/Frameworks/CoreWLAN.framework/Versions/A/CoreWLAN
0x00007fff39fe8000 	/System/Library/Frameworks/IOBluetooth.framework/Versions/A/IOBluetooth
0x00007fff5e260000 	/System/Library/PrivateFrameworks/MobileKeyBag.framework/Versions/A/MobileKeyBag
0x00007fff4fd8f000 	/System/Library/PrivateFrameworks/CorePhoneNumbers.framework/Versions/A/CorePhoneNumbers
0x00007fff4add3000 	/System/Library/PrivateFrameworks/AppleIDAuthSupport.framework/Versions/A/AppleIDAuthSupport
0x00007fff3dd30000 	/System/Library/Frameworks/Network.framework/Versions/A/Network
0x00007fff5c92e000 	/System/Library/PrivateFrameworks/KeychainCircle.framework/Versions/A/KeychainCircle
0x00007fff36de1000 	/System/Library/Frameworks/CoreBluetooth.framework/Versions/A/CoreBluetooth
0x00007fff671a6000 	/System/Library/PrivateFrameworks/SpeechRecognitionCore.framework/Versions/A/SpeechRecognitionCore
0x000000010b200000 	/Library/Java/JavaVirtualMachines/jdk-15.0.1.jdk/Contents/Home/lib/server/libjvm.dylib
0x000000010a08a000 	/Library/Java/JavaVirtualMachines/jdk-15.0.1.jdk/Contents/Home/lib/libjimage.dylib
0x000000010a0e0000 	/Library/Java/JavaVirtualMachines/jdk-15.0.1.jdk/Contents/Home/lib/libjava.dylib
0x000000010a1ac000 	/Library/Java/JavaVirtualMachines/jdk-15.0.1.jdk/Contents/Home/lib/libnio.dylib
0x000000010a1c0000 	/Library/Java/JavaVirtualMachines/jdk-15.0.1.jdk/Contents/Home/lib/libnet.dylib
0x000000010a1d9000 	/Library/Java/JavaVirtualMachines/jdk-15.0.1.jdk/Contents/Home/lib/libzip.dylib
0x000000010a1e7000 	/Users/maha/Libraries/javafx-sdk-15.0.1/lib/libprism_es2.dylib
0x00007fff507a8000 	/System/Library/PrivateFrameworks/CoreServicesInternal.framework/Versions/A/CoreServicesInternal
0x00007fff41f14000 	/System/Library/Frameworks/OpenGL.framework/Versions/A/Resources/GLEngine.bundle/GLEngine
0x00007fff412f7000 	/System/Library/Frameworks/OpenGL.framework/Versions/A/Libraries/libGLProgrammability.dylib
0x00007fff2ccf6000 	/System/Library/Extensions/AppleIntelHD4000GraphicsGLDriver.bundle/Contents/MacOS/AppleIntelHD4000GraphicsGLDriver
0x00007fff58861000 	/System/Library/PrivateFrameworks/GPUSupport.framework/Versions/A/Libraries/libGPUSupportMercury.dylib
0x00007fff319d4000 	/System/Library/Extensions/GeForceGLDriver.bundle/Contents/MacOS/GeForceGLDriver
0x00007fff322e1000 	/System/Library/Extensions/GeForceGLDriver.bundle/Contents/MacOS/libclh.dylib
0x00007fff4208e000 	/System/Library/Frameworks/OpenGL.framework/Versions/A/Resources/GLRendererFloat.bundle/GLRendererFloat
0x00007fff408b0000 	/System/Library/Frameworks/OpenCL.framework/Versions/A/Libraries/libcldcpuengine.dylib
0x000000012c902000 	/Users/maha/Libraries/javafx-sdk-15.0.1/lib/libglass.dylib
0x00007fff398e3000 	/System/Library/Frameworks/FileProvider.framework/Versions/A/FileProvider
0x00007fff34442000 	/System/Library/Frameworks/Accounts.framework/Versions/A/Accounts
0x00007fff58b92000 	/System/Library/PrivateFrameworks/GenerationalStorage.framework/Versions/A/GenerationalStorage
0x00007fff50d2f000 	/System/Library/PrivateFrameworks/CoreSymbolication.framework/Versions/A/CoreSymbolication
0x00007fff679e8000 	/System/Library/PrivateFrameworks/SymptomDiagnosticReporter.framework/Versions/A/SymptomDiagnosticReporter
0x00007fff4a4e7000 	/System/Library/PrivateFrameworks/AppContainer.framework/Versions/A/AppContainer
0x00007fff7048f000 	/usr/lib/libsandbox.1.dylib
0x00007fff6935a000 	/System/Library/PrivateFrameworks/UserManagement.framework/Versions/A/UserManagement
0x00007fff4d28b000 	/System/Library/PrivateFrameworks/ChunkingLibrary.framework/Versions/A/ChunkingLibrary
0x00007fff514b1000 	/System/Library/PrivateFrameworks/DebugSymbols.framework/Versions/A/DebugSymbols
0x00007fff4a559000 	/System/Library/PrivateFrameworks/AppSandbox.framework/Versions/A/AppSandbox
0x00007fff64fb1000 	/System/Library/PrivateFrameworks/SecCodeWrapper.framework/Versions/A/SecCodeWrapper
0x00007fff6e2b0000 	/usr/lib/libMatch.1.dylib
0x00007fff2a3c5000 	/System/Library/CoreServices/RawCamera.bundle/Contents/MacOS/RawCamera
0x00007fff5e08a000 	/System/Library/PrivateFrameworks/MobileAsset.framework/Versions/A/MobileAsset
0x00007fff67890000 	/System/Library/PrivateFrameworks/StreamingZip.framework/Versions/A/StreamingZip
0x00007fff3c198000 	/System/Library/Frameworks/MediaToolbox.framework/Versions/A/MediaToolbox
0x00007fff4ec9f000 	/System/Library/PrivateFrameworks/CoreAVCHD.framework/Versions/A/CoreAVCHD
0x00007fff3c0c2000 	/System/Library/Frameworks/MediaAccessibility.framework/Versions/A/MediaAccessibility
0x00007fff5d43e000 	/System/Library/PrivateFrameworks/Mangrove.framework/Versions/A/Mangrove
0x00007fff3858c000 	/System/Library/Frameworks/CoreMedia.framework/Versions/A/CoreMedia
0x00007fff5d6aa000 	/System/Library/PrivateFrameworks/MediaExperience.framework/Versions/A/MediaExperience
0x00007fff45082000 	/System/Library/Frameworks/VideoToolbox.framework/Versions/A/VideoToolbox
0x00007fff4e8c9000 	/System/Library/PrivateFrameworks/CoreAUC.framework/Versions/A/CoreAUC
0x00007fff704e7000 	/usr/lib/libspindump.dylib
0x00007fff4b927000 	/System/Library/PrivateFrameworks/AudioResourceArbitration.framework/Versions/A/AudioResourceArbitration
0x00007fff4b33c000 	/System/Library/PrivateFrameworks/AppleVA.framework/Versions/A/AppleVA
0x00007fff32f5b000 	/System/Library/Frameworks/Accelerate.framework/Versions/A/Frameworks/vImage.framework/Versions/A/Libraries/libCGInterfaces.dylib
0x000000010f14f000 	/usr/lib/libobjc-trampolines.dylib
0x00007fff6a126000 	/System/Library/PrivateFrameworks/ViewBridge.framework/Versions/A/ViewBridge
0x00007fff53c29000 	/System/Library/PrivateFrameworks/FontServices.framework/libTrueTypeScaler.dylib
0x00007fff2d1f4000 	/System/Library/Extensions/AppleIntelHD4000GraphicsMTLDriver.bundle/Contents/MacOS/AppleIntelHD4000GraphicsMTLDriver
0x00007fff329b9000 	/System/Library/Extensions/GeForceMTLDriver.bundle/Contents/MacOS/GeForceMTLDriver
0x00007fff571b2000 	/System/Library/PrivateFrameworks/GPUCompiler.framework/Versions/3902/Libraries/libmetal_timestamp.dylib
0x0000000130588000 	/Library/Java/JavaVirtualMachines/jdk-15.0.1.jdk/Contents/Home/lib/libmanagement.dylib
0x0000000130794000 	/Library/Java/JavaVirtualMachines/jdk-15.0.1.jdk/Contents/Home/lib/libmanagement_ext.dylib
0x0000000130da0000 	/Library/Java/JavaVirtualMachines/jdk-15.0.1.jdk/Contents/Home/lib/libverify.dylib
0x00000001311b4000 	/Users/maha/Libraries/javafx-sdk-15.0.1/lib/libjavafx_font.dylib
0x00000001313c4000 	/Users/maha/Libraries/javafx-sdk-15.0.1/lib/libjavafx_iio.dylib
0x00007fff6b3b8000 	/System/Library/PrivateFrameworks/login.framework/Versions/A/login
0x00007fff67a62000 	/System/Library/PrivateFrameworks/SystemAdministration.framework/Versions/A/SystemAdministration
0x00007fff519ef000 	/System/Library/PrivateFrameworks/DiskManagement.framework/Versions/A/DiskManagement
0x00007fff3960d000 	/System/Library/Frameworks/DirectoryService.framework/Versions/A/DirectoryService
0x00007fff51926000 	/System/Library/PrivateFrameworks/DiskImages.framework/Versions/A/DiskImages
0x00007fff5cc49000 	/System/Library/PrivateFrameworks/LoginUIKit.framework/Versions/A/Frameworks/LoginUICore.framework/Versions/A/LoginUICore
0x00007fff6df17000 	/usr/lib/libCoreStorage.dylib
0x00007fff6f124000 	/usr/lib/libcsfde.dylib
0x00007fff703a2000 	/usr/lib/libodfde.dylib
0x00007fff5d735000 	/System/Library/PrivateFrameworks/MediaKit.framework/Versions/A/MediaKit
0x00007fff39619000 	/System/Library/Frameworks/DiscRecording.framework/Versions/A/DiscRecording
0x00007fff51ba5000 	/System/Library/PrivateFrameworks/EFILogin.framework/Versions/A/EFILogin
0x00007fff63033000 	/System/Library/PrivateFrameworks/ProtectedCloudStorage.framework/Versions/A/ProtectedCloudStorage
0x00007fff6f198000 	/usr/lib/libcurl.4.dylib
0x00007fff6f01d000 	/usr/lib/libcrypto.44.dylib
0x00007fff707bf000 	/usr/lib/libssl.46.dylib
0x00007fff3bd31000 	/System/Library/Frameworks/LDAP.framework/Versions/A/LDAP
0x00007fff6843a000 	/System/Library/PrivateFrameworks/TrustEvaluationAgent.framework/Versions/A/TrustEvaluationAgent
0x00007fff704d4000 	/usr/lib/libsasl2.2.dylib
0x00007fff4f01b000 	/System/Library/PrivateFrameworks/CoreDaemon.framework/Versions/B/CoreDaemon
0x00007fff4b252000 	/System/Library/PrivateFrameworks/AppleSRP.framework/Versions/A/AppleSRP


VM Arguments:
jvm_args: -Dfile.encoding=UTF-8 --module-path=/Users/maha/eclipse-workspace/myProject/bin:/Users/maha/Libraries/javafx-sdk-15.0.1/lib/javafx-swt.jar:/Users/maha/Libraries/javafx-sdk-15.0.1/lib/javafx.base.jar:/Users/maha/Libraries/javafx-sdk-15.0.1/lib/javafx.controls.jar:/Users/maha/Libraries/javafx-sdk-15.0.1/lib/javafx.fxml.jar:/Users/maha/Libraries/javafx-sdk-15.0.1/lib/javafx.graphics.jar:/Users/maha/Libraries/javafx-sdk-15.0.1/lib/javafx.media.jar:/Users/maha/Libraries/javafx-sdk-15.0.1/lib/javafx.swing.jar:/Users/maha/Libraries/javafx-sdk-15.0.1/lib/javafx.web.jar:/Users/maha/.p2/pool/plugins/org.eclipse.fx.ide.css.jfx8_3.7.0.202010120832.jar:/Users/maha/Libraries/db-derby-10.15.2.0-bin/lib/derby.jar:/Users/maha/Libraries/db-derby-10.15.2.0-bin/lib/derbyshared.jar:/Users/maha/Libraries/db-derby-10.15.2.0-bin/lib/derbytools.jar:/Users/maha/Libraries/eclipselink/jlib/eclipselink.jar:/Users/maha/Libraries/eclipselink/jlib/jpa/jakarta.annotation-api.jar:/Users/maha/Libraries/eclipselink/jlib/jpa/jakarta.persistence-api.jar:/Users/maha/Libraries/eclipselink/jlib/jpa/org.eclipse.persistence.jpa.modelgen.processor.jar:/Users/maha/Libraries/eclipselink/jlib/jpa/org.eclipse.persistence.jpars.jar:/Users/maha/.p2/pool/plugins/org.junit.jupiter.api_5.7.0.v20201026-1537.jar:/Users/maha/.p2/pool/plugins/org.junit.jupiter.engine_5.7.0.v20201026-1537.jar:/Users/maha/.p2/pool/plugins/org.junit.jupiter.migrationsupport_5.7.0.v20201026-1537.jar:/Users/maha/.p2/pool/plugins/org.junit.jupiter.params_5.7.0.v20201026-1537.jar:/Users/maha/.p2/pool/plugins/org.junit.platform.commons_1.7.0.v20201026-1537.jar:/Users/maha/.p2/pool/plugins/org.junit.platform.engine_1.7.0.v20201026-1537.jar:/Users/maha/.p2/pool/plugins/org.junit.platform.launcher_1.7.0.v20201026-1537.jar:/Users/maha/.p2/pool/plugins/org.junit.platform.runner_1.7.0.v20201026-1537.jar:/Users/maha/.p2/pool/plugins/org.junit.platform.suite.api_1.7.0.v20201026-1537.jar:/Users/maha/.p2/pool/plugins/org.junit.vintage.engine_5.7.0.v20201026-1537.jar:/Users/mah-XX:+ShowCodeDetailsInExceptionMessages -Djdk.module.main=myProject 
java_command: myProject/application.Main
java_class_path (initial): <not set>
Launcher Type: SUN_STANDARD

[Global flags]
     intx CICompilerCount                          = 4                                         {product} {ergonomic}
     uint ConcGCThreads                            = 2                                         {product} {ergonomic}
     uint G1ConcRefinementThreads                  = 8                                         {product} {ergonomic}
   size_t G1HeapRegionSize                         = 1048576                                   {product} {ergonomic}
    uintx GCDrainStackTargetSize                   = 64                                        {product} {ergonomic}
   size_t InitialHeapSize                          = 134217728                                 {product} {ergonomic}
   size_t MarkStackSize                            = 4194304                                   {product} {ergonomic}
   size_t MaxHeapSize                              = 2147483648                                {product} {ergonomic}
   size_t MaxNewSize                               = 1287651328                                {product} {ergonomic}
   size_t MinHeapDeltaBytes                        = 1048576                                   {product} {ergonomic}
   size_t MinHeapSize                              = 8388608                                   {product} {ergonomic}
    uintx NonNMethodCodeHeapSize                   = 5839372                                {pd product} {ergonomic}
    uintx NonProfiledCodeHeapSize                  = 122909434                              {pd product} {ergonomic}
    uintx ProfiledCodeHeapSize                     = 122909434                              {pd product} {ergonomic}
    uintx ReservedCodeCacheSize                    = 251658240                              {pd product} {ergonomic}
     bool SegmentedCodeCache                       = true                                      {product} {ergonomic}
     bool ShowCodeDetailsInExceptionMessages       = true                                   {manageable} {command line}
   size_t SoftMaxHeapSize                          = 2147483648                             {manageable} {ergonomic}
     bool UseCompressedClassPointers               = true                                 {lp64_product} {ergonomic}
     bool UseCompressedOops                        = true                                 {lp64_product} {ergonomic}
     bool UseG1GC                                  = true                                      {product} {ergonomic}
     bool UseNUMA                                  = false                                     {product} {ergonomic}
     bool UseNUMAInterleaving                      = false                                     {product} {ergonomic}

Logging:
Log output configuration:
 #0: stdout all=warning uptime,level,tags
 #1: stderr all=off uptime,level,tags

Environment Variables:
PATH=/usr/bin:/bin:/usr/sbin:/sbin
SHELL=/bin/zsh

Signal Handlers:
SIGSEGV: [libjvm.dylib+0xa00020], sa_mask[0]=11111111011111110111111111111111, sa_flags=SA_ONSTACK|SA_RESTART|SA_SIGINFO
SIGBUS: [libjvm.dylib+0xa00020], sa_mask[0]=11111111011111110111111111111111, sa_flags=SA_RESTART|SA_SIGINFO
SIGFPE: [libjvm.dylib+0xa00020], sa_mask[0]=11111111011111110111111111111111, sa_flags=SA_RESTART|SA_SIGINFO
SIGPIPE: [libjvm.dylib+0x82b7f0], sa_mask[0]=11111111011111110111111111111111, sa_flags=SA_RESTART|SA_SIGINFO
SIGXFSZ: [libjvm.dylib+0x82b7f0], sa_mask[0]=11111111011111110111111111111111, sa_flags=SA_RESTART|SA_SIGINFO
SIGILL: [libjvm.dylib+0xa00020], sa_mask[0]=11111111011111110111111111111111, sa_flags=SA_RESTART|SA_SIGINFO
SIGUSR2: [libjvm.dylib+0x82c300], sa_mask[0]=00100000000000000000000000000000, sa_flags=SA_RESTART|SA_SIGINFO
SIGHUP: [libjvm.dylib+0x82aa00], sa_mask[0]=11111111011111110111111111111111, sa_flags=SA_RESTART|SA_SIGINFO
SIGINT: [libjvm.dylib+0x82aa00], sa_mask[0]=11111111011111110111111111111111, sa_flags=SA_RESTART|SA_SIGINFO
SIGTERM: [libjvm.dylib+0x82aa00], sa_mask[0]=11111111011111110111111111111111, sa_flags=SA_RESTART|SA_SIGINFO
SIGQUIT: [libjvm.dylib+0x82aa00], sa_mask[0]=11111111011111110111111111111111, sa_flags=SA_RESTART|SA_SIGINFO


---------------  S Y S T E M  ---------------

OS:uname: Darwin 19.6.0 Darwin Kernel Version 19.6.0: Tue Jan 12 22:13:05 PST 2021; root:xnu-6153.141.16~1/RELEASE_X86_64 x86_64
OS uptime: 41 days 12:10 hours
rlimit (soft/hard): STACK 8192k/65532k , CORE 0k/infinity , NPROC 1392/2088 , NOFILE 10240/infinity , AS infinity/infinity , CPU infinity/infinity , DATA infinity/infinity , FSIZE infinity/infinity , MEMLOCK infinity/infinity , RSS infinity/infinity
load average: 1.66 2.14 2.25

CPU: total 8 (initial active 8) (4 cores per cpu, 2 threads per core) family 6 model 58 stepping 9 microcode 0x21, cmov, cx8, fxsr, mmx, sse, sse2, sse3, ssse3, sse4.1, sse4.2, popcnt, vzeroupper, avx, aes, clmul, erms, ht, tsc, tscinvbit, tscinv, clflush

Memory: 4k page, physical 8388608k(29968k free), swap 3145728k(796928k free)

vm_info: OpenJDK 64-Bit Server VM (15.0.1+9-18) for bsd-amd64 JRE (15.0.1+9-18), built on Sep 15 2020 13:39:50 by "mach5one" with clang 4.2.1 Compatible Apple LLVM 10.0.0 (clang-1000.11.45.5)

END.
